<?xml version="1.0" encoding="UTF-8"?>
<testsuite xmlns:xsi="http://www.w3.org/2001/XMLSchema-instance" xsi:noNamespaceSchemaLocation="https://maven.apache.org/surefire/maven-surefire-plugin/xsd/surefire-test-report.xsd" name="RadixTester" time="0.089" tests="3" errors="0" skipped="0" failures="3">
  <properties>
[...]
</properties>
  <testcase name="testData{int, int, String}[1]" classname="RadixTester" time="0.033">
    <failure message="expected: &lt;1111011&gt; but was: &lt;10000&gt;" type="org.opentest4j.AssertionFailedError"><![CDATA[org.opentest4j.AssertionFailedError: expected: <1111011> but was: <10000>
	at RadixTester.testData(RadixTester.java:39)
]]></failure>
  </testcase>
  <testcase name="testData{int, int, String}[2]" classname="RadixTester" time="0.001">
    <failure message="expected: &lt;7B&gt; but was: &lt;10&gt;" type="org.opentest4j.AssertionFailedError"><![CDATA[org.opentest4j.AssertionFailedError: expected: <7B> but was: <10>
	at RadixTester.testData(RadixTester.java:39)
]]></failure>
  </testcase>
  <testcase name="testData{int, int, String}[3]" classname="RadixTester" time="0.001">
    <failure message="expected: &lt;DE&gt; but was: &lt;10&gt;" type="org.opentest4j.AssertionFailedError"><![CDATA[org.opentest4j.AssertionFailedError: expected: <DE> but was: <10>
	at RadixTester.testData(RadixTester.java:39)
]]></failure>
  </testcase>
</testsuite>